# JRE version: OpenJDK Runtime Environment (8.0_152-b06) (build 1.8.0_152-release-1136-b06)
# Java VM: OpenJDK 64-Bit Server VM (25.152-b06 mixed mode windows-amd64 compressed oops)
Heap:
 PSYoungGen      total 410112K, used 185349K [0x00000000e0000000, 0x0000000100000000, 0x0000000100000000)
  eden space 296960K, 41% used [0x00000000e0000000,0x00000000e770ea28,0x00000000f2200000)
  from space 113152K, 56% used [0x00000000f9180000,0x00000000fcf72d10,0x0000000100000000)
  to   space 113664K, 0% used [0x00000000f2200000,0x00000000f2200000,0x00000000f9100000)
 ParOldGen       total 266240K, used 173058K [0x00000000a0000000, 0x00000000b0400000, 0x00000000e0000000)
  object space 266240K, 65% used [0x00000000a0000000,0x00000000aa900828,0x00000000b0400000)
 Metaspace       used 103514K, capacity 110342K, committed 110424K, reserved 1144832K
  class space    used 12718K, capacity 14162K, committed 14208K, reserved 1048576K
GC Heap History (10 events):
Event: 12709.251 GC heap before
{Heap before GC invocations=57 (full 5):
 PSYoungGen      total 385536K, used 274368K [0x00000000e0000000, 0x0000000100000000, 0x0000000100000000)
  eden space 257536K, 100% used [0x00000000e0000000,0x00000000efb80000,0x00000000efb80000)
  from space 128000K, 13% used [0x00000000efb80000,0x00000000f0bf03d0,0x00000000f7880000)
  to   space 124928K, 0% used [0x00000000f8600000,0x00000000f8600000,0x0000000100000000)
 ParOldGen       total 266240K, used 158436K [0x00000000a0000000, 0x00000000b0400000, 0x00000000e0000000)
  object space 266240K, 59% used [0x00000000a0000000,0x00000000a9ab90e8,0x00000000b0400000)
 Metaspace       used 100197K, capacity 106930K, committed 107096K, reserved 1142784K
  class space    used 12412K, capacity 13848K, committed 13952K, reserved 1048576K
Event: 12709.346 GC heap after
Heap after GC invocations=57 (full 5):
 PSYoungGen      total 387072K, used 10825K [0x00000000e0000000, 0x00000000ff700000, 0x0000000100000000)
  eden space 271360K, 0% used [0x00000000e0000000,0x00000000e0000000,0x00000000f0900000)
  from space 115712K, 9% used [0x00000000f8600000,0x00000000f90924b0,0x00000000ff700000)
  to   space 121856K, 0% used [0x00000000f0900000,0x00000000f0900000,0x00000000f8000000)
 ParOldGen       total 266240K, used 168952K [0x00000000a0000000, 0x00000000b0400000, 0x00000000e0000000)
  object space 266240K, 63% used [0x00000000a0000000,0x00000000aa4fe330,0x00000000b0400000)
 Metaspace       used 100197K, capacity 106930K, committed 107096K, reserved 1142784K
  class space    used 12412K, capacity 13848K, committed 13952K, reserved 1048576K
}
Event: 12875.118 GC heap before
{Heap before GC invocations=58 (full 5):
 PSYoungGen      total 387072K, used 282185K [0x00000000e0000000, 0x00000000ff700000, 0x0000000100000000)
  eden space 271360K, 100% used [0x00000000e0000000,0x00000000f0900000,0x00000000f0900000)
  from space 115712K, 9% used [0x00000000f8600000,0x00000000f90924b0,0x00000000ff700000)
  to   space 121856K, 0% used [0x00000000f0900000,0x00000000f0900000,0x00000000f8000000)
 ParOldGen       total 266240K, used 168998K [0x00000000a0000000, 0x00000000b0400000, 0x00000000e0000000)
  object space 266240K, 63% used [0x00000000a0000000,0x00000000aa509980,0x00000000b0400000)
 Metaspace       used 102491K, capacity 109170K, committed 109272K, reserved 1144832K
  class space    used 12637K, capacity 14052K, committed 14080K, reserved 1048576K
Event: 12875.256 GC heap after
Heap after GC invocations=58 (full 5):
 PSYoungGen      total 393216K, used 46511K [0x00000000e0000000, 0x00000000ffb00000, 0x0000000100000000)
  eden space 271360K, 0% used [0x00000000e0000000,0x00000000e0000000,0x00000000f0900000)
  from space 121856K, 38% used [0x00000000f0900000,0x00000000f366beb0,0x00000000f8000000)
  to   space 116224K, 0% used [0x00000000f8980000,0x00000000f8980000,0x00000000ffb00000)
 ParOldGen       total 266240K, used 172976K [0x00000000a0000000, 0x00000000b0400000, 0x00000000e0000000)
  object space 266240K, 64% used [0x00000000a0000000,0x00000000aa8ec060,0x00000000b0400000)
 Metaspace       used 102491K, capacity 109170K, committed 109272K, reserved 1144832K
  class space    used 12637K, capacity 14052K, committed 14080K, reserved 1048576K
}
Event: 12885.679 GC heap before
{Heap before GC invocations=59 (full 5):
 PSYoungGen      total 393216K, used 317871K [0x00000000e0000000, 0x00000000ffb00000, 0x0000000100000000)
  eden space 271360K, 100% used [0x00000000e0000000,0x00000000f0900000,0x00000000f0900000)
  from space 121856K, 38% used [0x00000000f0900000,0x00000000f366beb0,0x00000000f8000000)
  to   space 116224K, 0% used [0x00000000f8980000,0x00000000f8980000,0x00000000ffb00000)
 ParOldGen       total 266240K, used 173042K [0x00000000a0000000, 0x00000000b0400000, 0x00000000e0000000)
  object space 266240K, 64% used [0x00000000a0000000,0x00000000aa8fc828,0x00000000b0400000)
 Metaspace       used 103400K, capacity 110130K, committed 110424K, reserved 1144832K
  class space    used 12716K, capacity 14160K, committed 14208K, reserved 1048576K
Event: 12885.728 GC heap after
Heap after GC invocations=59 (full 5):
 PSYoungGen      total 392704K, used 47123K [0x00000000e0000000, 0x00000000ff180000, 0x0000000100000000)
  eden space 286208K, 0% used [0x00000000e0000000,0x00000000e0000000,0x00000000f1780000)
  from space 106496K, 44% used [0x00000000f8980000,0x00000000fb784d88,0x00000000ff180000)
  to   space 111616K, 0% used [0x00000000f1780000,0x00000000f1780000,0x00000000f8480000)
 ParOldGen       total 266240K, used 173050K [0x00000000a0000000, 0x00000000b0400000, 0x00000000e0000000)
  object space 266240K, 64% used [0x00000000a0000000,0x00000000aa8fe828,0x00000000b0400000)
 Metaspace       used 103400K, capacity 110130K, committed 110424K, reserved 1144832K
  class space    used 12716K, capacity 14160K, committed 14208K, reserved 1048576K
}
Event: 13002.733 GC heap before
{Heap before GC invocations=60 (full 5):
 PSYoungGen      total 392704K, used 333331K [0x00000000e0000000, 0x00000000ff180000, 0x0000000100000000)
  eden space 286208K, 100% used [0x00000000e0000000,0x00000000f1780000,0x00000000f1780000)
  from space 106496K, 44% used [0x00000000f8980000,0x00000000fb784d88,0x00000000ff180000)
  to   space 111616K, 0% used [0x00000000f1780000,0x00000000f1780000,0x00000000f8480000)
 ParOldGen       total 266240K, used 173050K [0x00000000a0000000, 0x00000000b0400000, 0x00000000e0000000)
  object space 266240K, 64% used [0x00000000a0000000,0x00000000aa8fe828,0x00000000b0400000)
 Metaspace       used 103453K, capacity 110270K, committed 110424K, reserved 1144832K
  class space    used 12718K, capacity 14162K, committed 14208K, reserved 1048576K
Event: 13003.202 GC heap after
Heap after GC invocations=60 (full 5):
 PSYoungGen      total 397824K, used 64917K [0x00000000e0000000, 0x0000000100000000, 0x0000000100000000)
  eden space 286208K, 0% used [0x00000000e0000000,0x00000000e0000000,0x00000000f1780000)
  from space 111616K, 58% used [0x00000000f1780000,0x00000000f56e5608,0x00000000f8480000)
  to   space 113152K, 0% used [0x00000000f9180000,0x00000000f9180000,0x0000000100000000)
 ParOldGen       total 266240K, used 173058K [0x00000000a0000000, 0x00000000b0400000, 0x00000000e0000000)
  object space 266240K, 65% used [0x00000000a0000000,0x00000000aa900828,0x00000000b0400000)
 Metaspace       used 103453K, capacity 110270K, committed 110424K, reserved 1144832K
  class space    used 12718K, capacity 14162K, committed 14208K, reserved 1048576K
}
Event: 13234.581 GC heap before
{Heap before GC invocations=61 (full 5):
 PSYoungGen      total 397824K, used 351125K [0x00000000e0000000, 0x0000000100000000, 0x0000000100000000)
  eden space 286208K, 100% used [0x00000000e0000000,0x00000000f1780000,0x00000000f1780000)
  from space 111616K, 58% used [0x00000000f1780000,0x00000000f56e5608,0x00000000f8480000)
  to   space 113152K, 0% used [0x00000000f9180000,0x00000000f9180000,0x0000000100000000)
 ParOldGen       total 266240K, used 173058K [0x00000000a0000000, 0x00000000b0400000, 0x00000000e0000000)
  object space 266240K, 65% used [0x00000000a0000000,0x00000000aa900828,0x00000000b0400000)
 Metaspace       used 103488K, capacity 110334K, committed 110424K, reserved 1144832K
  class space    used 12718K, capacity 14162K, committed 14208K, reserved 1048576K
Event: 13235.911 GC heap after
Heap after GC invocations=61 (full 5):
 PSYoungGen      total 410112K, used 63435K [0x00000000e0000000, 0x0000000100000000, 0x0000000100000000)
  eden space 296960K, 0% used [0x00000000e0000000,0x00000000e0000000,0x00000000f2200000)
  from space 113152K, 56% used [0x00000000f9180000,0x00000000fcf72d10,0x0000000100000000)
  to   space 113664K, 0% used [0x00000000f2200000,0x00000000f2200000,0x00000000f9100000)
 ParOldGen       total 266240K, used 173058K [0x00000000a0000000, 0x00000000b0400000, 0x00000000e0000000)
  object space 266240K, 65% used [0x00000000a0000000,0x00000000aa900828,0x00000000b0400000)
 Metaspace       used 103488K, capacity 110334K, committed 110424K, reserved 1144832K
  class space    used 12718K, capacity 14162K, committed 14208K, reserved 1048576K
}

